<?xml version="1.0" encoding="UTF-8"?>
<!-- Generated by org.testng.reporters.JUnitReportReporter -->
<testsuite hostname="DESKTOP-AK72CGG" failures="0" tests="1" name="Git.AddUser" time="4.406" errors="0" timestamp="2023-05-12T00:01:04 PDT" skipped="0">
  <testcase classname="Git.AddUser" name="CreateUser" time="4.406"/>
  <system-out/>
</testsuite> <!-- Git.AddUser -->
